<?xml version="1.0" encoding="UTF-8"?>
<testng-results skipped="0" failed="0" ignored="0" total="1" passed="1">
  <reporter-output>
  </reporter-output>
  <suite name="Default suite" duration-ms="1356" started-at="2020-09-10T01:43:47Z" finished-at="2020-09-10T01:43:49Z">
    <groups>
    </groups>
    <test name="Default test" duration-ms="1356" started-at="2020-09-10T01:43:47Z" finished-at="2020-09-10T01:43:49Z">
      <class name="RestApiTestng.RestApiTestng.TC_Get_Request">
        <test-method status="PASS" signature="getWeatherDetail()[pri:0, instance:RestApiTestng.RestApiTestng.TC_Get_Request@1d057a39]" name="getWeatherDetail" duration-ms="1339" started-at="2020-09-10T01:43:47Z" finished-at="2020-09-10T01:43:49Z">
          <reporter-output>
          </reporter-output>
        </test-method> <!-- getWeatherDetail -->
      </class> <!-- RestApiTestng.RestApiTestng.TC_Get_Request -->
    </test> <!-- Default test -->
  </suite> <!-- Default suite -->
</testng-results>
